[2025-07-10 02:14:32] ERROR: Database connection failed: timeout
[2025-07-10 02:15:23] INFO: System startup initiated
[2025-07-10 02:16:45] INFO: Loading configuration from /etc/myapp/config.json
[2025-07-10 02:17:12] WARNING: Configuration using default values for missing parameters
[2025-07-10 03:22:54] ERROR: Database connection failed: timeout
[2025-07-10 04:01:34] INFO: User login successful: user123
[2025-07-10 05:45:12] INFO: Cache refresh completed
[2025-07-10 06:12:45] ERROR: Invalid authentication token provided
[2025-07-10 08:23:56] INFO: Scheduled maintenance starting
[2025-07-10 08:34:21] WARNING: High memory usage detected: 85%
[2025-07-10 09:12:43] ERROR: Database connection failed: timeout
[2025-07-10 09:45:23] INFO: API request processed in 1.32s
[2025-07-10 10:12:34] INFO: Successful payment transaction: TXN123456
[2025-07-10 10:34:21] ERROR: API rate limit exceeded
[2025-07-10 11:02:54] WARNING: Slow query detected (2.5s): SELECT * FROM users WHERE last_login > '2025-01-01'
[2025-07-10 11:23:45] INFO: Email notification sent to user456@example.com
[2025-07-10 12:34:21] ERROR: Failed to write to disk: Permission denied
[2025-07-10 13:12:45] INFO: Data export completed successfully
[2025-07-10 13:45:23] ERROR: Database connection failed: timeout
[2025-07-10 14:12:34] WARNING: Certificate expiring in 10 days
[2025-07-10 15:23:45] INFO: Cache hit ratio: 78%
[2025-07-10 16:45:12] ERROR: Invalid authentication token provided
[2025-07-10 17:12:45] INFO: User profile updated: user789
[2025-07-10 18:34:21] WARNING: Network latency increased to 250ms
[2025-07-10 19:12:34] ERROR: Database connection failed: timeout
[2025-07-10 20:45:23] INFO: Background job completed in 45s
[2025-07-10 21:12:45] WARNING: Disk usage above 80% on /var partition
[2025-07-10 22:34:21] ERROR: Uncaught exception: Null pointer reference
[2025-07-10 23:12:34] INFO: System shutdown initiated
[2025-07-11 00:45:23] ERROR: Database connection failed: timeout
[2025-07-11 01:12:45] INFO: System startup initiated
[2025-07-11 02:34:21] WARNING: Failed login attempt for user: admin (192.168.1.15)
[2025-07-11 03:45:23] ERROR: Invalid authentication token provided
[2025-07-11 04:12:34] INFO: Configuration reloaded successfully
[2025-07-11 05:23:45] ERROR: Failed to write to disk: Permission denied
[2025-07-11 06:34:21] INFO: Database backup completed
[2025-07-11 07:45:23] WARNING: Low disk space on /tmp: 15% remaining
[2025-07-11 08:23:45] ERROR: Database connection failed: timeout
[2025-07-11 09:34:21] INFO: User registered: new_user_123
[2025-07-11 10:45:23] WARNING: API response time degraded to 1.5s average
[2025-07-11 11:23:45] ERROR: API rate limit exceeded
[2025-07-11 12:34:21] INFO: Data import started
[2025-07-11 13:45:23] ERROR: Failed to write to disk: Permission denied
[2025-07-11 14:23:45] INFO: Data import completed: 1532 records processed
[2025-07-11 15:34:21] WARNING: Memory usage peak detected: 92%
[2025-07-11 16:45:23] ERROR: Database connection failed: timeout
[2025-07-11 17:23:45] INFO: Scheduled backup initiated
[2025-07-11 18:34:21] ERROR: Invalid authentication token provided
[2025-07-11 19:45:23] INFO: Cache invalidation triggered
[2025-07-11 20:23:45] WARNING: Unusual traffic pattern detected from 203.0.113.42
[2025-07-11 21:34:21] ERROR: Database connection failed: timeout
[2025-07-11 22:45:23] INFO: System update available: v2.3.4
[2025-07-11 23:23:45] WARNING: Database reaching connection limit (85%)
[2025-07-12 00:34:21] ERROR: API rate limit exceeded
[2025-07-12 01:45:23] INFO: Batch process completed in 134s
[2025-07-12 02:23:45] ERROR: Uncaught exception: Null pointer reference
[2025-07-12 03:34:21] INFO: Log rotation completed
[2025-07-12 04:45:23] WARNING: Slow request processing: /api/data/export (5.2s)
[2025-07-12 05:23:45] ERROR: Database connection failed: timeout
[2025-07-12 06:34:21] INFO: User password changed: user456
[2025-07-12 07:45:23] ERROR: Failed to write to disk: Permission denied
[2025-07-12 08:23:45] INFO: Sending newsletter to 1252 subscribers
[2025-07-12 09:34:21] WARNING: CPU usage spike: 92% for 3 minutes
[2025-07-12 10:45:23] ERROR: Database connection failed: timeout
[2025-07-12 11:23:45] INFO: Audit log exported successfully
[2025-07-12 12:34:21] ERROR: Invalid authentication token provided
[2025-07-12 13:45:23] INFO: API keys rotated for service accounts
[2025-07-12 14:03:27] ERROR: Failed to write to disk: Permission denied